0.000000000000000000e+00 0.000000000000000000e+00 0.000000000000000000e+00 0.000000000000000000e+00 0.000000000000000000e+00
5.210872745002426143e-03 -5.911079455193390432e-03 -3.689914784479220167e-03 -1.328731258206317101e-03 4.617321953267028434e-03
8.185042592536273531e-03 4.154096172013500149e-03 1.154254965787560039e-02 5.007085498346608432e-03 -2.646239554317419973e-03
-8.118591574706179870e-04 4.355719061069130739e-04 7.273384011690087192e-03 -2.122892774330975563e-03 6.423683843038485719e-03
7.162202828769226315e-03 2.903344031349231347e-03 4.792176039119633302e-03 -1.844801193233047698e-03 5.411405577910421982e-03
1.885383052468014853e-02 5.400532083004516010e-03 -3.617545908766395257e-03 -1.376327172630809059e-03 -6.072315760419555453e-03
-2.375436229801408672e-03 2.762868146071073561e-03 2.930593770859912794e-03 3.725142744634979408e-03 7.497917245209650972e-03
8.142747956964013767e-03 6.017282061581985704e-03 1.396081232447610176e-03 9.007595254534983553e-03 1.171444321940451339e-02
3.644846187490946576e-03 -2.081589151185025879e-03 -2.917956781817165890e-04 -1.710784161249145896e-03 1.770875902465718355e-03
8.105752469494520440e-03 4.024226894955140917e-03 1.214548638700141403e-02 7.384557861282337043e-03 1.468588523252645217e-02
-2.247903397792450075e-02 1.129798561793594067e-03 2.475247524752477446e-02 1.376387986762095395e-03 1.112302331814540857e-02
-5.306760222884010503e-03 -5.011914103063287197e-03 -1.231962228163152595e-02 -1.011567388920631139e-02 -5.964214711729698415e-03
-1.816888467352339998e-02 -1.343700288712383964e-02 -7.882865057380339380e-03 -1.294932601098475189e-03 -6.266666666666642627e-03
-1.793153414236547949e-02 -8.710866474722377129e-03 -2.383649504602958213e-02 2.413572243138206730e-03 1.583255065074462564e-02
3.285995327677371236e-02 8.173741870851038843e-03 -1.225830704607355770e-03 5.836287840417675454e-03 -4.887069079381856085e-03
1.169608047379533389e-02 5.946244292337321720e-03 1.444982653662352234e-02 2.633943788541426301e-04 1.194584550039845539e-03
7.177737247749504945e-03 5.165718146737564506e-03 -5.500798503008330620e-03 4.220945181926616385e-03 1.246188519156832264e-02
-1.869268064723317302e-03 -7.355219060412642416e-03 4.703974047037817741e-04 2.244279401216742187e-03 2.749770852428889967e-03
-2.071750453561183036e-02 -8.735980497847906090e-03 -2.561649832195700416e-02 -1.785247087430941182e-02 -1.123008618438214867e-02
9.591824538337290207e-03 4.629487613422788098e-03 -1.048270353915969899e-03 7.662535061190745012e-03 2.139461172741685679e-02
1.681119957380050600e-02 1.642716456236801431e-02 1.778932640415753497e-02 1.669362112400096798e-02 4.008275148694062651e-02
-2.037549119487613858e-03 -1.968773292562420087e-03 1.571091908876720566e-03 -2.722565941923660304e-03 -5.967180507210567697e-03
-2.566720140002809458e-03 2.922882057080888538e-03 -3.022875816993453313e-03 2.354240316557065782e-03 3.751875937969550989e-04
8.918911015586061808e-03 1.823222831529802473e-03 1.360321232483752141e-03 2.884247570958731188e-03 -1.875234404300374358e-03
1.553533128514295036e-02 7.190242667862567667e-03 5.417525941929346445e-03 6.240130600288162910e-03 7.765531062124297890e-03
9.418345795992877356e-03 7.292852538034689559e-03 6.658093083071525697e-03 4.184829991281668882e-03 -6.089982600049781425e-03
8.340873105632251594e-03 9.327149392308167796e-04 -3.040201817652410377e-03 -2.785809734479616218e-03 -5.251969488558105859e-03
-1.012253596164114366e-02 -2.685300289562975000e-03 -9.732360097325365444e-05 7.495003331110527967e-04 7.919547454431352662e-03
6.515211602742265740e-03 3.462013422492804526e-03 1.307507624424109061e-02 5.507349436782771335e-03 -4.614617111499241808e-03
6.529325678261699295e-03 7.325597793275285402e-03 5.844675740592331081e-03 2.384982883797848174e-03 2.531011151484774402e-02
2.013197628900620373e-03 -9.767260373081847798e-04 -6.367905754994795942e-03 -3.234958568511969723e-03 -2.285225467432494550e-02
8.985377832347207772e-03 4.497833571001463686e-03 1.121525274374590708e-04 6.257483000881025603e-03 8.629314657328857052e-03
-1.330272692073675156e-02 -1.023946273409237712e-03 1.666079266924969104e-03 3.075610632184089255e-03 2.231866088034495377e-03
-2.161056142612882702e-02 -3.184656926060425945e-03 7.708793142053194103e-03 1.924755488910134815e-03 7.422986514908025413e-03
-3.409156019022496764e-02 -1.552029639213494891e-02 -3.153567800914169883e-02 -2.052851430741386984e-02 1.117524253960455738e-02
1.186380353541327537e-02 7.903926248952775416e-03 1.819045902230476131e-03 -6.112023353402662451e-03 1.906728200145746399e-02
7.327939969516972241e-04 -4.207865590397396639e-03 -4.089511221618713499e-03 -9.943399112742890011e-04 -1.263258252889998268e-02
1.540669576169406696e-02 7.319874854791830719e-03 2.003876350973765597e-03 1.055049383661299522e-02 -7.362703681351834284e-03
1.450947587042428211e-02 6.840835342073181384e-03 5.507835551767037430e-03 5.561111616207314867e-03 2.188715953307385220e-03
-1.103212965595679051e-02 -4.689306091520828966e-03 -2.060645582001952025e-02 -1.573966637030776994e-02 -8.493084202863432353e-03
8.021390374331582862e-03 2.672658359366830629e-03 4.993674678721582438e-05 1.615212082704875485e-03 3.303964757709332289e-03
2.113459399332584532e-02 7.924053963939225662e-03 1.459744669518481253e-02 1.721897832533403339e-02 8.659592633248003324e-03
1.228981621138602875e-03 -1.423556194155806316e-03 -1.466631668744666772e-02 -7.378077642621438947e-03 -8.585247883917901390e-03
-1.288846733247783760e-02 -7.314571508866840772e-03 -1.491791815124388076e-02 -8.341217878363504923e-03 -4.268813269910798347e-03
1.130454442686001926e-03 5.434225898865775208e-04 1.098603927931707247e-03 8.922778655553020855e-03 -1.347378735913840053e-03
-9.259259259259411401e-03 -3.246229605191730278e-03 -9.116847596697397194e-04 -1.361758787126632342e-03 -2.575738991782428045e-03
-1.644062001367663228e-02 -1.777880458458719337e-02 -1.938253037497683628e-02 -1.887092619808794502e-02 -3.553861288735826740e-02
1.535386308989261650e-02 5.962075704083224723e-03 -6.186455281750657953e-03 7.080479650377169420e-03 9.052658421522252752e-03
4.450911580929473033e-03 1.048670384862226967e-04 -1.165230358412372436e-02 -6.049314564357199941e-03 3.158958807176981409e-03
-2.300809544098858517e-02 -1.496552993286819414e-02 -7.543991999862109665e-04 -1.120033323305502648e-02 -1.196624259982359550e-02
-4.462857973542644352e-02 -2.234189031368392919e-02 -2.187653627361452191e-02 -1.949495658686128952e-02 -2.562468128505857035e-02
1.402921485088226561e-02 1.101432432589146727e-02 7.646742057081379329e-03 1.339825599898158970e-02 2.328928431244259301e-02
-1.185438612286537907e-02 -5.501810403423902998e-04 -5.344164172725873740e-04 4.302358446126364200e-03 -3.835826620636750839e-03
2.608880519953848953e-02 1.896370284392954325e-02 2.751933839518061475e-02 1.499374609130721403e-02 2.464381979206775597e-02
5.594198608849909604e-03 1.075409149329264926e-03 1.422376409367043237e-03 -3.550578413099692021e-03 -3.382187147688675566e-03
-5.886854653558537542e-03 3.035501195398826371e-03 8.383565440310158934e-03 2.913964615040010031e-03 5.027652086473377580e-04
1.705453899449271837e-02 5.444550804562697972e-03 8.124914112958681045e-03 9.340752500886395637e-03 1.633165829145966086e-03
1.903930131004361037e-02 4.743623123983508119e-03 -1.218286220586473068e-02 3.161125788372354251e-03 1.066098081023425515e-02
-3.142498000228477473e-03 -4.453343004642851440e-03 -7.555110911788065486e-03 -2.747754604962571179e-03 -1.737403822288263733e-03
1.490227546282918425e-03 2.391679377475908023e-03 1.107132925472753548e-02 7.060044726337366683e-03 -2.610641471904595612e-03
-6.638814170434215178e-03 1.196355660674231110e-03 1.890911591289068383e-04 6.684654095676867414e-03 1.483235697370055561e-02
-3.456818574639752839e-04 3.561405441829756501e-03 8.455932902516005711e-03 -1.829461099483564723e-03 -4.175878162613555489e-03
-1.132499567748246339e-02 -1.945323333824766979e-03 8.589542572772446150e-03 4.962928882285222443e-03 6.536753823384255924e-03
-9.793348684018710060e-03 -2.695971431392840418e-03 -6.961811422777963720e-03 3.452390780613878718e-04 2.205612057346151289e-03
-6.740646984370046724e-03 -2.977638935494897592e-03 -3.163286142118149069e-02 -1.800625717436332707e-04 6.480009781146600645e-03
-2.518966334755901038e-03 1.669036260843226403e-03 8.944103744574549708e-03 2.183651876364711697e-03 -2.793974732750004186e-03
1.188389435218262236e-04 2.866985058335736261e-03 1.013619422480771526e-02 -1.519984425775167125e-03 6.821780972103619334e-03
-8.911861687906696972e-03 -1.069819616782396923e-03 -3.172413793103512347e-03 -4.004469407803523673e-03 2.177858439201596497e-03
-1.270868926655277509e-02 -7.412790433847526311e-03 -1.366403763664036930e-03 -2.793317120549310140e-03 -9.175419533985262888e-03
4.827104647985747121e-03 -6.164771055882145578e-03 -1.170826333200536418e-02 -7.776754299865573650e-03 -2.327281588887530894e-02
1.120913650371613279e-02 5.958524676902898082e-03 9.936734371987832048e-03 1.902355877518857596e-04 -2.495009980041373865e-04
-1.102512773013830660e-02 1.849725169760918194e-03 3.869646699521167577e-03 8.368773822464703471e-05 3.369104067881156794e-03
-1.492447129909357795e-02 -1.700695108278743942e-02 -8.264334237956127982e-02 3.925387213583819701e-03 1.019773659992551096e-02
1.340244126847811579e-02 1.868596579519399194e-03 -7.273412474090856783e-03 -1.101782250242488992e-02 -1.415733103533189929e-02
1.812789395636005274e-02 4.844845357802073961e-03 -1.007896135449104502e-02 5.731185926413973064e-03 8.491508491508703571e-03
1.346531121812022391e-02 1.037759056082878523e-02 8.053228002224299686e-03 1.351495482317810470e-02 2.204061416542835161e-02
2.419709634843814072e-02 8.862449436534402050e-03 -1.198333745458635136e-03 5.276767190835807142e-03 8.238429852192696856e-03
6.586483390607078547e-03 1.907198153647826589e-03 -9.521995810335415200e-05 -1.592666257907215943e-03 -1.562124489305372066e-03
-7.339971550497703667e-03 2.050877247599559340e-03 1.479859061041821633e-02 8.979591836734579502e-03 1.396076543507041023e-02
-7.738163475869974661e-04 8.430160189973889828e-03 9.271423745354834267e-03 6.249814435438372229e-03 4.035608308605276306e-03
-9.694536067689552006e-03 -1.724576485516937652e-03 3.905087771496340565e-04 3.555463759349564157e-03 -4.965125901406630682e-03
9.731514466938762098e-03 1.127118953014534172e-02 1.139468743610239088e-02 2.300658591085413818e-03 7.366044909112634542e-03
-1.098585893353987153e-02 -1.052224214642857522e-02 -1.018195184708714507e-02 -1.752700552210439966e-03 -1.155796674136111424e-02
5.539443155452516976e-03 -3.018591625118349601e-03 -8.671271538918556843e-03 -3.379321491015607748e-03 -1.551127550411646183e-02
3.951429148279395065e-03 -4.037124131283397789e-03 3.558785517616014360e-03 -6.855272662941724882e-03 -9.453399587928679182e-03
-8.072856814525297686e-03 -1.512881781094449485e-02 -2.836932380223644579e-03 -9.069857197993025366e-03 -2.581671356906878323e-02
-2.606655660787327022e-04 4.603868589492942850e-03 1.927864188518979560e-03 3.819938581379744846e-03 8.791760864101938466e-04
2.694246480097417518e-03 7.036253122839952745e-03 4.446104987857246726e-03 4.544097895836207712e-03 5.897854184966799806e-03
5.345121493166793414e-03 5.508957425455452209e-03 9.262014581163491300e-03 8.074040511331315173e-03 1.871257485029920176e-03
-6.351304747671981943e-03 -1.053678243573301712e-02 -1.328640400987701753e-02 -1.111143859235474984e-02 -2.104345660565321019e-02
-1.908893709327563748e-03 -2.192112656644872612e-04 -7.470352040341854405e-04 4.895386266094536865e-03 -8.903586873568736237e-04
-1.753165840795145591e-02 -1.030319881623690398e-02 -1.027941313895908149e-02 -8.067326585845191467e-03 -2.164226607256569679e-03
-2.111845210004714701e-02 -1.247340388686666440e-02 -2.101784534038331209e-02 -6.204355008708639652e-03 -7.782597601428853373e-03
8.497047125467060980e-03 6.062744030994271505e-03 2.322441263840135939e-02 -3.685679255642781982e-04 2.057348592002128385e-03
1.111443083358221173e-02 7.407471627670924458e-03 -1.225351581646272336e-03 8.803744224894050063e-03 1.655331707943008546e-02
1.920690266532742996e-03 2.160135353025682999e-03 2.717955493478863005e-03 2.177999224274085321e-03 7.195152739207344439e-03
-1.557200578051720630e-02 -5.296076593699240199e-03 -1.359058823529424309e-02 -7.688300089312205543e-03 -9.274345156034757842e-03
-2.456634410857194695e-03 -4.491092437887356063e-03 -1.076274259107290465e-02 -1.192556646440712242e-02 -1.100569259962036472e-02
-6.607201850016730660e-03 1.947153681615576993e-04 -2.507764424468650333e-04 -8.274061197688364899e-04 7.674597083652923146e-03
1.381624693896066347e-02 5.812216565523664613e-03 2.720642148728469323e-03 3.183213298082687714e-03 8.250825082508406183e-03
-5.278225084988430460e-03 -1.978951227548320091e-03 -2.963419092885888340e-03 3.953137897869662964e-03 5.287674682109999580e-03
7.194891626945087992e-03 6.919373825169317788e-03 5.346148649952642273e-03 4.080893723268586015e-03 2.880400751408940252e-03
3.086585111765893785e-02 1.434044609957831930e-02 1.558840468420052972e-02 1.059274284426425794e-02 1.023976023976036487e-02
-6.669746491886563433e-03 -6.761584740837389002e-03 -6.464783940115625960e-03 -2.278471602735665513e-02 -1.730531520395572898e-02
1.714966718018962055e-03 -3.477505043607442186e-04 4.680365296803490338e-03 -1.224753718002125069e-03 -8.553459119496786833e-03
-7.689629156752308958e-03 -3.899229857143438407e-03 -9.430746506078779845e-03 -9.733879689856395068e-03 -1.776198934280492914e-03
-1.573237418487027917e-02 -7.154588404906802451e-03 -3.861741989753197934e-03 -1.076021412749195161e-02 -1.105744789018814345e-02
-1.773671232062745684e-02 -6.675295510608314671e-03 -3.895904502360436616e-03 -9.563277016257920593e-04 -3.598509189050247414e-03
6.049240820278356523e-04 -4.453968832579534602e-04 2.697339267478948699e-04 -4.186965928370312007e-03 9.544692377144281537e-03
-2.267093887915017092e-03 1.143393759590694090e-03 -4.699809311015545887e-03 7.377536028009723523e-03 5.238277756484110981e-03
-1.684491168540003248e-02 -1.360465384526535725e-02 -1.397248079267698895e-02 -1.397982932505825726e-02 -1.728520589730586643e-02
2.126282703152515552e-03 -4.811985065325242138e-03 -9.381562677866939204e-03 6.687752757714715557e-04 -6.854630108639070407e-03
1.789667896678959202e-02 1.134519840320140534e-02 7.211776593426089121e-03 1.261174842549706021e-02 1.445500716239078720e-02
-1.712887438825427822e-02 -1.024987857287063160e-02 -1.066152605385850549e-02 -1.743188365285297525e-02 -2.143774069319637210e-02
-4.856308590748592557e-03 -1.887673331522876944e-03 -5.129734566060251133e-03 1.754358236791153658e-03 7.215007215007229746e-03
-1.507242795811847280e-02 -8.659756353737746784e-03 -3.067729879888880795e-02 3.045028557003393033e-03 -2.604845011721979020e-03
-1.542851767066988344e-02 -3.215496774595960269e-03 -9.071790853985017833e-04 5.395202516712549468e-03 8.749020632018877919e-03
3.165907570787007685e-02 1.686232866871444080e-02 1.737587188905864721e-02 1.342344879376700106e-02 1.087378640776703875e-02
-8.273903244728542106e-03 -6.036173484013264076e-03 -1.215010141987837855e-02 -6.468445103124609297e-03 -9.348187988218792377e-03
2.670983407527316444e-02 -2.055701744566540857e-03 -1.394221884560886693e-02 -2.827975200832999469e-03 -1.732161323681491449e-02
-1.473575695097184557e-02 -1.414169898564362517e-02 -1.111990337761858960e-02 -1.172574990260988326e-02 -2.117863720073664968e-02
1.744883828281285076e-02 9.893304596278251067e-03 1.667789757412396767e-02 9.184437699554459655e-03 1.491734981857262277e-02
9.709031516544675000e-03 1.193649279674902260e-02 2.247307373653684159e-02 1.294430122646672565e-02 2.184851694915268538e-02
-3.654554713476865224e-03 4.038878442887561780e-03 7.940848779499631860e-03 8.282755057184898462e-03 7.904626150058380318e-03
4.870569135022817520e-03 5.010475792908298392e-03 1.770605140985193060e-02 1.011924338960223935e-02 1.401388531756242450e-02
2.261915447446383176e-02 1.258767733372423425e-02 2.893084245033383795e-02 1.440968015507637645e-02 7.734246227970142940e-03
1.799350478363903605e-02 1.472985635849219030e-02 2.189893096366835046e-02 -1.336149947375298019e-03 -5.032712632108804485e-03
6.667816290164996218e-03 5.760501619884061952e-03 5.484186011569303076e-03 1.001584596525884052e-03 -3.793626707131458886e-04
1.544566893165089105e-02 1.133570951839439969e-02 2.099521817095029164e-02 1.045384626872358780e-02 9.740670461732880980e-03
7.028987544634102136e-03 -1.645488176064902747e-03 -2.672886937431395715e-02 -6.961174088470634125e-03 7.516913054372853509e-04
-1.585839126671695354e-02 -6.300193242525176096e-03 -8.853549878757194236e-03 -1.809048965619863836e-02 -6.384576865297919568e-03
-7.092399784391911766e-04 4.219245472912491225e-03 1.276361705355788523e-02 -4.433531137030377600e-03 -1.259921884844139583e-04
1.206563706563712479e-02 8.943174541224861718e-03 7.958652459691739622e-03 3.105873755366861388e-03 7.308467741935498196e-03
-7.012819433925843171e-04 -3.866721759900315896e-03 -1.731505220525386690e-02 -6.716146070485540243e-03 -3.002251688766555127e-03
1.998652593757022089e-02 3.473002120112232000e-02 1.298445948500774882e-01 5.554409528830461795e-03 9.284818067754274651e-03
2.432848965213540993e-02 7.814193063814787316e-03 -4.484455004852505589e-03 -8.129834212165953922e-03 -4.226752859274207630e-03
8.167651800107700311e-03 4.165717014447323750e-03 1.279120583588255755e-02 1.630867753401155085e-02 1.186017478152323612e-02
2.667626052659621827e-02 7.789179496454781172e-03 -1.194921583271091325e-02 -6.708222471791813746e-04 -3.948180135718737382e-03
9.863724853991229224e-04 5.341285157130115646e-03 1.955152431342921382e-02 1.354612924636455773e-02 2.068623807754255139e-02
1.553302388299671044e-02 1.118431325754633970e-02 1.851760325540774410e-02 9.078731954159646733e-04 2.305825242718384516e-03
1.322710791072978509e-02 5.228002930827422776e-03 1.213140740501161829e-03 -5.643038765222541109e-03 -7.628042135851886840e-03
1.232358870967731335e-02 5.018465200731436412e-03 5.719086238650472609e-03 -4.104887732442108472e-03 -2.318204001952262061e-03
-2.683661530035597043e-02 -1.735986351405723743e-02 -2.457752361369902605e-02 -2.030872261513283483e-02 -1.259630671395362000e-02
-1.969762861016688404e-03 -1.657957110865238047e-03 6.126280425545971298e-03 -3.233989071875775778e-03 -2.216992816447860282e-02
-3.409032654944410545e-03 -4.243352358400443586e-03 -1.186695911218771382e-02 -6.450521654224439239e-03 -2.051931602279910560e-02
1.604896993390081406e-02 4.108794786403302535e-03 5.101956302075327798e-03 -4.132231404958774945e-03 -2.327686538212914158e-03
-1.974433615997972513e-02 -8.203993863799064964e-03 -2.368277930682138877e-02 -2.555674701229271317e-02 -2.216461438755668034e-02
9.399612653324673772e-03 6.067508503595064190e-03 1.480418636056723969e-02 5.015748973326461524e-03 -1.590668080593937717e-03
-3.870654148225838309e-02 -3.083307526727000619e-02 -3.933995375684073981e-02 -4.782042940793751473e-02 -4.992033988316491033e-02
-9.953161592505810340e-03 8.834590346232463944e-04 2.631943482476639673e-03 -5.749664602896498167e-04 1.327557294577963454e-02
-5.462071931616585552e-02 -3.067338646615428224e-02 -5.702542138712352049e-02 -6.663442778769046448e-02 -6.178458143704312899e-02
5.888541370486222171e-02 3.717154256551970931e-02 5.016299769239229711e-02 4.740678541439624638e-02 2.057915625459361131e-02
-2.757713273005557575e-02 -1.498403947954862758e-02 -4.255244938176860892e-02 -4.415238842502966499e-02 -4.407316721878151711e-02
2.750317556745995873e-02 1.629115545681441082e-02 2.389756106446139228e-02 4.629001748813310613e-02 5.213198734367940901e-02
8.814834721848852084e-03 2.970824125254467769e-03 2.917474605518277642e-03 5.261631873379579716e-03 5.871401976227819119e-03
1.702275027971666965e-02 1.137000904449641039e-02 -1.160047537116193350e-02 2.178468116151033307e-02 3.174829157175418359e-02
-7.648584226104593320e-03 -7.172040160988723406e-03 -3.271539579706761458e-02 -9.738561548871316198e-03 -1.062508624258307055e-02
-1.055826844398310982e-04 -3.386024155639824444e-04 -1.085343228200386090e-02 9.473825413328640366e-04 9.065550906554920019e-03
-3.780259232860805341e-02 -2.506910466470537932e-02 -5.302447716402514111e-02 -4.459372303981101737e-02 -4.340013821700061669e-02
-2.738072375099442901e-02 -1.309905751635421708e-02 -2.765013468546972941e-02 -1.500898610441414593e-02 -1.618263256754803869e-02
1.156525909001171470e-03 1.160528786640531093e-02 1.476819033651111113e-02 2.581150481071325942e-04 5.433984432368754725e-03
4.812352079341808420e-02 1.987574122011860622e-02 4.145171327057028954e-02 3.428484988699254110e-02 4.966403739409908091e-02
6.908602150537568320e-03 -5.224184984436385480e-03 8.615704868740303723e-03 1.311997246956586594e-02 -1.669913721124571815e-03
-6.540833489067532369e-03 -5.917596344168407976e-03 -6.210705345028544322e-03 -1.556555706521722815e-02 -2.397546696403685118e-02
2.638933677308408221e-02 2.214566693230441904e-02 1.311437581724494983e-02 1.512158513547312566e-02 1.199657240788365442e-02
1.665183013038706861e-02 8.456922077687611949e-03 2.319401738602300256e-02 2.828008157715844462e-02 2.046288456110656462e-02
5.150656708718948096e-05 9.549195868763789979e-03 3.005119833790814710e-03 2.346952267618718224e-03 -2.904162633107665314e-03
-1.323650597445413801e-02 -5.541571431412007157e-03 4.808581468467298947e-04 4.922006397783729170e-03 1.525658807212337820e-03
-9.864815491413936321e-03 -7.741277751828147015e-03 -1.563886424134874886e-02 -1.187145681726820001e-02 -7.201218667774567095e-03
-1.831839746968899618e-02 -3.670837835818697818e-03 -1.438497652582149122e-02 -2.528187841450657558e-02 -1.827312037941131173e-02
1.522351993556192440e-02 8.749036682766714226e-04 -5.068211264385613646e-03 -7.436305868122827789e-03 -1.378232452401251251e-02
1.102824500158661181e-02 4.680927739633089675e-03 2.269332414110092344e-02 2.864645909855489947e-02 3.515343610430776700e-02
5.493211959506361097e-04 6.337849661610060574e-03 1.741475198022701676e-03 -1.061220403463969397e-02 -1.127348643006254036e-02
-1.733333333333331172e-02 -1.597340390082429076e-02 -1.889860924181252511e-02 -2.670545577198757403e-02 -2.491554054054068157e-02
6.518211083619274149e-03 -8.610856894922128222e-04 1.004096408497656689e-02 6.965682749538570917e-03 1.169337375487233821e-02
1.231761471769932115e-02 7.299491440135984915e-03 -1.131819210744788862e-03 9.120083973603199112e-03 -2.568493150684747484e-03
1.216773721865371805e-02 5.100030304306391038e-03 4.815682127209619523e-03 1.347975478953356010e-02 1.373390557939901946e-02
9.390155814673395440e-03 5.612835028339291897e-03 1.971545097449567407e-02 1.718713194467791361e-02 1.891052780129842681e-02
1.919341647924777128e-02 1.138538976920713125e-02 7.593630197581857644e-03 5.706676811870092791e-03 7.340720221606478191e-03
2.778404674139278718e-02 1.574519791953809525e-03 -1.829223677463076569e-05 -9.802550965863798815e-03 -1.141207204729810520e-02
4.416034352355602266e-03 5.836897441431686956e-03 -7.317028554709725796e-05 -1.661005406572546583e-03 4.172461752433909155e-03
-3.157792460163233450e-03 -1.309871984841152331e-02 -1.359237509832966762e-02 -2.939047825038054729e-02 -2.756232686980619739e-02
-2.504995370144735833e-02 -2.921486525341842472e-02 -3.438427299703272766e-02 -3.188316363262366782e-02 -3.788634097706877757e-02
6.173456635840901541e-03 -1.198837638649567945e-02 9.315100065301784582e-03 6.082014235631705290e-03 1.036269430051861562e-03
-2.782124847852451843e-03 3.234697237529661224e-03 1.214058723906297210e-02 2.333623716374955137e-02 3.475303164744159012e-02
-9.714783908332358386e-03 8.420157303705435095e-03 1.400665551147795007e-02 1.068833569800942129e-02 1.657853365728145789e-02
-5.634511382215934283e-03 -1.704225755337456308e-02 -1.946823895872729082e-02 -2.069118072453179913e-02 -1.152818782510889317e-02
-1.621512230907407037e-02 7.854655696713178786e-04 -2.533847666591149128e-03 8.114259899570930301e-03 2.503200113781822722e-02
-2.368218050912818118e-02 -1.532031808076286285e-02 -2.362085308056882660e-02 -2.497414684591514611e-02 -1.678923269043974820e-02
-1.761963707234859289e-02 -1.225303177942725988e-02 -3.789996893445168880e-02 -2.845097311343269819e-02 -2.046288456110645360e-02
-5.603217158176909685e-03 -6.821464049235779689e-04 1.287536325476268395e-02 2.248846920116820414e-02 2.362771934879703828e-02
1.542153082958130916e-02 1.252649451750878148e-02 5.578800557880070343e-03 1.786556341474243581e-02 1.534130893736818102e-02
-2.309959376576520285e-03 6.958715097576439849e-03 1.983356449375883734e-02 1.830371581164835781e-02 -8.317161075688250804e-04
-2.006599957419619162e-02 -9.569518761648521110e-03 7.965650560508574785e-04 -8.163300342498125417e-03 -4.439511653717920225e-03
5.140948346097440336e-02 3.881150598945502100e-02 4.280555986954492909e-02 3.412493725442700132e-02 3.706800445930880095e-02
2.952344052692756904e-02 8.985832914533031790e-03 1.118826442280851374e-02 5.439831281539575514e-04 -1.343724805160650959e-04
4.741833508956849741e-03 7.663440355353380064e-03 9.794175043263741998e-03 9.794737106244788549e-03 1.155758634592118916e-02
1.550677953404733245e-02 5.392599758474701972e-03 1.912488605287143706e-02 -2.973700559121938980e-03 -1.022983924538334310e-02
3.324481164551973400e-02 2.772272148434116665e-02 5.848047371151543494e-02 1.738032334712458216e-02 2.281879194630898056e-02
-4.783436458829171123e-03 -8.751188930544329114e-03 -1.566725256895629137e-02 -1.936990641689395609e-02 -8.136482939632538880e-03
5.356416939668706689e-03 6.817283183933564930e-03 1.390772823268848768e-02 2.041869993171574471e-02 1.825879862397439268e-02
-5.591894013272113995e-02 -2.559962162775886174e-02 -1.661275846302345816e-02 -1.264913741043593998e-02 -5.847193347193191393e-03
-8.314017938123585694e-03 -4.590621509750469724e-03 5.114516962286819179e-03 4.554170661553058608e-03 3.659652333028340365e-03
-6.173466795386550743e-03 7.490512497478518834e-03 1.168468483903573052e-02 1.880877742946696074e-02 1.797108998567509275e-02
3.284848794703365549e-02 1.602248183851640029e-02 1.004250707039910928e-02 1.287300625883314176e-02 5.117052577714442663e-04
-1.972576972576978172e-02 -4.762084913671372696e-03 -2.223265484054870456e-02 -2.004480979755873804e-02 -9.078123002173366096e-03
7.119953543565538112e-03 9.600762831919263177e-03 5.401605048357183136e-03 1.053659330377132441e-02 2.051612903225796813e-02
1.020331419689646246e-02 1.555824906913960519e-02 2.108099810680363895e-02 3.429146537842164832e-02 9.988620558857075338e-03
6.452253325393009220e-04 3.592040249903338161e-04 2.455442898424919917e-03 3.892292482428061362e-04 -4.882323485227879623e-03
-4.216060711275115835e-04 -1.329624445002721908e-02 -1.249708401373017530e-02 -2.473756701865237329e-02 -4.164045791923487450e-02
-2.044411363354425859e-02 -1.633362338696347019e-02 -2.360623650107984695e-02 -2.794223250618366183e-02 -2.756629036492530549e-02
2.279577518299991112e-03 9.327851623053006608e-03 1.066274950315393433e-02 1.610467216075139874e-02 1.889848812095040742e-02
1.425286194435337883e-02 1.713167273818714045e-02 2.168188502445178578e-02 1.878180790047645488e-02 1.921038685744580476e-02
-7.026286283792315679e-03 -5.139991802253363572e-03 -2.276150627615103339e-03 -6.279982555604024519e-03 -4.289613934746028256e-03
-1.279702908187574373e-03 1.264472235309751537e-02 2.044821686181097498e-02 6.295731828954043152e-03 1.057441253263702308e-02
1.625546454952009334e-02 5.993531938729834176e-03 6.591816941462713686e-03 1.173560010149721222e-02 1.110967575248689165e-02
-2.694751415362561797e-02 -2.096207664881506727e-02 -1.860077734591902843e-02 -3.669509060129172440e-02 -2.964098632937262057e-02
-2.545796387103327341e-02 -8.664656861932662144e-03 -9.767867543056807378e-03 8.624196566593411717e-03 1.685319289005926535e-02
-1.538180775347286477e-03 1.219760547356593325e-02 2.229952275324320610e-02 1.948051948051943150e-02 1.307781950019415440e-02
-1.394328685571055715e-02 -5.878514295080594990e-03 7.643626202021858163e-03 -9.550183961704261648e-03 -9.585889570552175165e-03
2.523567418705652265e-02 9.658816952044046653e-03 5.807504078303216133e-03 4.817140392081586953e-03 1.677635823977174923e-03
-1.043469277061770395e-02 -1.071386502860505012e-02 -8.255482029323801818e-03 -1.661618209427484505e-02 -1.069312032981173388e-02
-1.913188734894155640e-02 -1.909530592153001541e-02 -1.733527401180767757e-02 -1.679992885496917054e-02 -4.948561010548524486e-03
-6.546035125066684834e-03 -3.011133814138022228e-03 -9.968878459567065420e-03 -3.946946461316214183e-04 5.234916895697772077e-04
-1.583007446295592313e-02 -1.994315267937258815e-02 -2.343329747175892930e-02 -1.864845967178052621e-02 -1.268803139306740047e-02
2.033040306997246915e-02 7.529896085088539845e-03 -1.618067270286127624e-03 -4.140890878304825939e-03 -1.152623211446746065e-02
-2.528674313150169883e-02 -1.598021014009644303e-02 -1.705172413793099029e-02 -2.209521564930472248e-02 -1.903230130009370136e-02
-9.304362103880525758e-03 -9.072222396086926724e-03 -1.247127747276843834e-02 -2.685511150896324750e-03 -9.154256045908026884e-03
3.450085630628141331e-02 3.078677810693673106e-02 4.474245115452935018e-02 2.924042220822142824e-02 2.633756205184800692e-02
-7.770152999919677228e-03 -2.010517861072091961e-03 -8.942688587021296875e-03 2.213743658546762916e-03 1.437592368668538789e-02
2.413885898815926190e-02 2.761933283684110674e-02 2.823666649511946680e-02 4.331528878253654291e-02 4.556291390728461899e-02
1.497753369945087343e-02 7.408186390958526601e-03 2.399105757520136883e-02 -1.908641816898648536e-03 -8.107423359513532546e-03
4.556398374194081669e-03 3.826224661557897904e-03 1.073692099646450515e-02 -2.410451718651840380e-04 0.000000000000000000e+00
8.504497074968586645e-03 1.699217380267526497e-03 8.527306725127248299e-03 1.028707364901770838e-02 8.301404853128913075e-03
-5.238545473130185037e-03 -6.402458263762286295e-05 -3.004874930072620742e-03 1.105737105037141177e-03 4.559848005066591270e-03
-4.752363337443332725e-03 1.158350857271983701e-03 -6.091989034420208782e-04 2.018323837675861654e-03 3.278275122935214725e-03
4.026533825465028471e-03 -1.081329342657288972e-02 -1.177433067582100978e-02 -2.114178317380521754e-02 -1.495538519542538580e-02
7.583742512661029167e-03 1.025105054578967674e-02 1.845629413196991919e-02 1.688337991655530779e-02 1.837203368206163923e-02
-4.541511455835034461e-03 -1.303022845763533895e-02 -3.235472251442383929e-03 -1.491407675332023786e-02 -1.578551741418166010e-02
-7.714783678490988450e-03 -9.063976147508600451e-03 3.837605334271465551e-04 -8.686017452910310688e-03 5.982688391038548659e-03
-2.218778251323783035e-02 -2.208882894590667029e-02 -1.208381950993375753e-02 -1.134833935695467311e-02 -1.353916234341390190e-02
-3.275570583262776836e-03 -5.375492649714705591e-04 2.378371381882127267e-03 3.243055899391000807e-03 7.439712673166010148e-03
5.486059578077018273e-03 9.916740918797394347e-03 1.036252703618822935e-02 3.216121735554411387e-03 1.655207537560432485e-03
3.136614038324658793e-03 -3.035710724442986126e-03 -6.597865678317993421e-03 -1.173277798730809618e-02 -7.881021990593817250e-03
3.594513637080232193e-02 2.370068410429895800e-02 1.373365710885599000e-02 2.982536192807061504e-02 3.100576553491363185e-02
1.268198650636653824e-03 8.427817994803853434e-04 -7.217983089296664545e-03 1.949569000241790917e-03 1.366969056791345061e-02
5.294356064444283305e-03 2.926716033485899163e-03 6.199865776101765036e-03 8.265526002637191283e-03 1.409832046095393920e-02
1.199445634370666092e-02 7.213623824154713829e-03 5.462918850245968017e-03 9.035087719298173781e-03 1.100096711798825844e-02
7.918129528647233073e-03 2.014067083621218484e-03 1.122974381653341069e-02 7.903076667759023621e-05 7.174458926222371247e-04
-9.560512858519332191e-03 -1.309227610659857710e-02 -8.590394377193666386e-04 -1.247797191468513756e-02 -1.290476759469461054e-02
6.160830090791158398e-03 3.687757166457417569e-03 4.220728466468592899e-03 1.070708364008821079e-02 1.295242706694099688e-02
-2.974788666055827591e-04 3.266312496849110413e-03 5.448318804483154310e-03 -4.291301800446678527e-03 -5.975143403441629530e-03
